Started GET "/" for 127.0.0.1 at 2017-02-06 17:48:21 +0530
  [1m[36mActiveRecord::SchemaMigration Load (82.2ms)[0m  [1m[34mSELECT "schema_migrations".* FROM "schema_migrations"[0m
Processing by QuestionsController#index as HTML
  [1m[36mUser Load (53.5ms)[0m  [1m[34mSELECT  "users".* FROM "users" WHERE "users"."id" = $1 ORDER BY "users"."id" ASC LIMIT $2[0m  [["id", 1], ["LIMIT", 1]]
  [1m[36mRole Load (22.4ms)[0m  [1m[34mSELECT  "roles".* FROM "roles" WHERE "roles"."id" = $1 LIMIT $2[0m  [["id", 1], ["LIMIT", 1]]
  Rendering questions/index.html.erb within layouts/application
  [1m[36mQuestion Load (27.3ms)[0m  [1m[34mSELECT "questions".* FROM "questions"[0m
  Rendered questions/index.html.erb within layouts/application (36.8ms)
  Rendered layouts/_header.html.erb (0.3ms)
Completed 200 OK in 5371ms (Views: 5141.8ms | ActiveRecord: 143.0ms)


Started GET "/questions/new" for 127.0.0.1 at 2017-02-06 17:48:31 +0530
Processing by QuestionsController#new as HTML
  [1m[36mUser Load (0.8ms)[0m  [1m[34mSELECT  "users".* FROM "users" WHERE "users"."id" = $1 ORDER BY "users"."id" ASC LIMIT $2[0m  [["id", 1], ["LIMIT", 1]]
  [1m[36mRole Load (0.5ms)[0m  [1m[34mSELECT  "roles".* FROM "roles" WHERE "roles"."id" = $1 LIMIT $2[0m  [["id", 1], ["LIMIT", 1]]
  Rendering questions/new.html.erb within layouts/application
  Rendered questions/_form.html.erb (378.5ms)
  Rendered questions/new.html.erb within layouts/application (380.8ms)
  Rendered layouts/_header.html.erb (0.3ms)
Completed 200 OK in 464ms (Views: 438.6ms | ActiveRecord: 3.3ms)


Started GET "/questions" for 127.0.0.1 at 2017-02-06 17:48:34 +0530
Processing by QuestionsController#index as HTML
  [1m[36mUser Load (0.5ms)[0m  [1m[34mSELECT  "users".* FROM "users" WHERE "users"."id" = $1 ORDER BY "users"."id" ASC LIMIT $2[0m  [["id", 1], ["LIMIT", 1]]
  [1m[36mRole Load (0.3ms)[0m  [1m[34mSELECT  "roles".* FROM "roles" WHERE "roles"."id" = $1 LIMIT $2[0m  [["id", 1], ["LIMIT", 1]]
  Rendering questions/index.html.erb within layouts/application
  [1m[36mQuestion Load (0.5ms)[0m  [1m[34mSELECT "questions".* FROM "questions"[0m
  Rendered questions/index.html.erb within layouts/application (4.5ms)
  Rendered layouts/_header.html.erb (0.5ms)
Completed 200 OK in 47ms (Views: 39.9ms | ActiveRecord: 1.3ms)


